\BOOKMARK [0][-]{chapter.1}{Front\040Matter}{}% 1
\BOOKMARK [1][-]{section.1.1}{Acknowledgements}{chapter.1}% 2
\BOOKMARK [1][-]{section.1.2}{Leo's\040MIT\040License}{chapter.1}% 3
\BOOKMARK [0][-]{chapter.2}{前言}{}% 4
\BOOKMARK [1][-]{section.2.1}{綱要結構為真實資料}{chapter.2}% 5
\BOOKMARK [1][-]{section.2.2}{Leo 綱要非一般綱要}{chapter.2}% 6
\BOOKMARK [1][-]{section.2.3}{結論與鼓勵}{chapter.2}% 7
\BOOKMARK [0][-]{chapter.3}{What\040People\040Are\040Saying\040About\040Leo}{}% 8
\BOOKMARK [1][-]{section.3.1}{Leo\040is\040revolutionary}{chapter.3}% 9
\BOOKMARK [1][-]{section.3.2}{Leo\040is\040a\040showcase\040Python\040application}{chapter.3}% 10
\BOOKMARK [1][-]{section.3.3}{Leo\040is\040fun,\040even\040addicting}{chapter.3}% 11
\BOOKMARK [1][-]{section.3.4}{Leo\040is\040a\040flexible,\040powerful\040IDE}{chapter.3}% 12
\BOOKMARK [1][-]{section.3.5}{Leo\040is\040a\040superb\040outliner}{chapter.3}% 13
\BOOKMARK [1][-]{section.3.6}{Leo\040is\040an\040excellent\040PIM}{chapter.3}% 14
\BOOKMARK [1][-]{section.3.7}{Leo\040is\040a\040superb\040documentation\040tool}{chapter.3}% 15
\BOOKMARK [1][-]{section.3.8}{Leo\040simplifies\040the\040understanding\040of\040complex\040systems}{chapter.3}% 16
\BOOKMARK [1][-]{section.3.9}{Leo\040is\040stable,\040well\040designed\040and\040well\040supported}{chapter.3}% 17
\BOOKMARK [1][-]{section.3.10}{Longer\040quotes...}{chapter.3}% 18
\BOOKMARK [2][-]{subsection.3.10.1}{Speed\040Ream's\040slashdot\040article}{section.3.10}% 19
\BOOKMARK [2][-]{subsection.3.10.2}{Joe\040Orr}{section.3.10}% 20
\BOOKMARK [2][-]{subsection.3.10.3}{Dan\040Winkler}{section.3.10}% 21
\BOOKMARK [2][-]{subsection.3.10.4}{Dan\040Winkler\0402}{section.3.10}% 22
\BOOKMARK [2][-]{subsection.3.10.5}{Dan\040Winkler\0403}{section.3.10}% 23
\BOOKMARK [0][-]{chapter.4}{FAQ}{}% 24
\BOOKMARK [1][-]{section.4.1}{Getting\040Leo}{chapter.4}% 25
\BOOKMARK [2][-]{subsection.4.1.1}{Where\040can\040I\040get\040official\040releases\040of\040Leo?}{section.4.1}% 26
\BOOKMARK [2][-]{subsection.4.1.2}{How\040do\040I\040use\040bzr\040to\040get\040the\040latest\040sources\040from\040Leo's\040launchpad\040site?}{section.4.1}% 27
\BOOKMARK [2][-]{subsection.4.1.3}{How\040can\040I\040get\040recent\040bzr\040snapshots\040of\040Leo?}{section.4.1}% 28
\BOOKMARK [1][-]{section.4.2}{Installing\040Leo}{chapter.4}% 29
\BOOKMARK [2][-]{subsection.4.2.1}{Leo's\040installer\040failed,\040what\040do\040I\040do?}{section.4.2}% 30
\BOOKMARK [2][-]{subsection.4.2.2}{Nothing\040\(or\040almost\040nothing\)\040happens\040when\040I\040start\040Leo.\040What\040should\040I\040do?}{section.4.2}% 31
\BOOKMARK [2][-]{subsection.4.2.3}{Running\040Python\040setup.py\040install\040from\040the\040leo\040directory\040doesn't\040work.\040Why\040not?}{section.4.2}% 32
\BOOKMARK [1][-]{section.4.3}{Learning\040to\040use\040Leo}{chapter.4}% 33
\BOOKMARK [2][-]{subsection.4.3.1}{What's\040the\040best\040way\040to\040learn\040to\040use\040Leo?}{section.4.3}% 34
\BOOKMARK [2][-]{subsection.4.3.2}{Why\040should\040I\040use\040clones?}{section.4.3}% 35
\BOOKMARK [2][-]{subsection.4.3.3}{When\040is\040using\040a\040section\040better\040than\040using\040a\040method?}{section.4.3}% 36
\BOOKMARK [2][-]{subsection.4.3.4}{When\040is\040deleting\040a\040node\040dangerous?}{section.4.3}% 37
\BOOKMARK [2][-]{subsection.4.3.5}{Why\040doesn't\040Leo\040support\040cross-file\040clones?}{section.4.3}% 38
\BOOKMARK [2][-]{subsection.4.3.6}{How\040does\040EKR\040\(Leo's\040developer\)\040use\040Leo?}{section.4.3}% 39
\BOOKMARK [3][-]{subsubsection*.3}{Overview}{subsection.4.3.6}% 40
\BOOKMARK [3][-]{subsubsection*.4}{Additional\040tips}{subsection.4.3.6}% 41
\BOOKMARK [3][-]{subsubsection*.5}{Writing\040documentation}{subsection.4.3.6}% 42
\BOOKMARK [3][-]{subsubsection*.6}{Administrative\040tips}{subsection.4.3.6}% 43
\BOOKMARK [3][-]{subsubsection*.7}{Tips\040for\040using\040bzr}{subsection.4.3.6}% 44
\BOOKMARK [2][-]{subsection.4.3.7}{How\040does\040Leo\040handle\040clone\040conflicts?}{section.4.3}% 45
\BOOKMARK [1][-]{section.4.4}{Leo\040in\040Shared\040environments}{chapter.4}% 46
\BOOKMARK [2][-]{subsection.4.4.1}{How\040should\040I\040use\040Leo\040with\040bzr/git/hg/svn/cvs?}{section.4.4}% 47
\BOOKMARK [2][-]{subsection.4.4.2}{How\040can\040I\040use\040Leo\040cooperatively\040without\040sentinels?}{section.4.4}% 48
\BOOKMARK [2][-]{subsection.4.4.3}{What's\040the\040recommended\040way\040to\040upgrade\040Leo?}{section.4.4}% 49
\BOOKMARK [1][-]{section.4.5}{Using\040external\040files}{chapter.4}% 50
\BOOKMARK [2][-]{subsection.4.5.1}{How\040do\040I\040inhibit\040sentinels\040in\040external\040files?}{section.4.5}% 51
\BOOKMARK [2][-]{subsection.4.5.2}{How\040do\040I\040prevent\040Leo\040from\040expanding\040sections?}{section.4.5}% 52
\BOOKMARK [2][-]{subsection.4.5.3}{How\040can\040I\040create\040Javascript\040comments?}{section.4.5}% 53
\BOOKMARK [2][-]{subsection.4.5.4}{How\040can\040I\040disable\040PHP\040comments?}{section.4.5}% 54
\BOOKMARK [2][-]{subsection.4.5.5}{How\040can\040I\040use\040Leo\040with\040unsupported\040languages?}{section.4.5}% 55
\BOOKMARK [2][-]{subsection.4.5.6}{How\040do\040I\040make\040external\040files\040start\040with\040a\040shebang\040line?}{section.4.5}% 56
\BOOKMARK [2][-]{subsection.4.5.7}{Can\040@file\040trees\040contain\040material\040not\040in\040the\040external\040file?}{section.4.5}% 57
\BOOKMARK [2][-]{subsection.4.5.8}{How\040can\040I\040use\040Leo\040with\040older\040C\040compilers}{section.4.5}% 58
\BOOKMARK [2][-]{subsection.4.5.9}{Why\040can't\040I\040use\040@ignore\040directives\040in\040@file\040trees?}{section.4.5}% 59
\BOOKMARK [2][-]{subsection.4.5.10}{How\040can\040I\040avoid\040getting\040long\040lines\040in\040external\040files?}{section.4.5}% 60
\BOOKMARK [1][-]{section.4.6}{Customizing\040Leo}{chapter.4}% 61
\BOOKMARK [2][-]{subsection.4.6.1}{How\040can\040I\040add\040support\040for\040a\040new\040language?}{section.4.6}% 62
\BOOKMARK [2][-]{subsection.4.6.2}{How\040do\040I\040submit\040a\040plugin?}{section.4.6}% 63
\BOOKMARK [2][-]{subsection.4.6.3}{How\040do\040I\040add\040a\040new\040menu\040item\040from\040a\040plugin?}{section.4.6}% 64
\BOOKMARK [2][-]{subsection.4.6.4}{How\040can\040I\040use\040Leo's\040legacy\040key\040bindings?}{section.4.6}% 65
\BOOKMARK [2][-]{subsection.4.6.5}{How\040can\040I\040enable\040and\040disable\040support\040for\040psyco?}{section.4.6}% 66
\BOOKMARK [2][-]{subsection.4.6.6}{How\040do\040I\040specify\040qt\040fonts?}{section.4.6}% 67
\BOOKMARK [2][-]{subsection.4.6.7}{How\040do\040I\040set\040selection\040colors?}{section.4.6}% 68
\BOOKMARK [1][-]{section.4.7}{Tips\040and\040techniques}{chapter.4}% 69
\BOOKMARK [2][-]{subsection.4.7.1}{What\040is\040an\040easy\040way\040to\040profile\040code?}{section.4.7}% 70
\BOOKMARK [2][-]{subsection.4.7.2}{How\040can\040I\040do\040a\040simple\040find\040and\040replace?}{section.4.7}% 71
\BOOKMARK [2][-]{subsection.4.7.3}{How\040can\040I\040use\040Leo\040to\040develop\040Leo\040itself?}{section.4.7}% 72
\BOOKMARK [2][-]{subsection.4.7.4}{How\040can\040I\040import\040many\040files\040at\040once?}{section.4.7}% 73
\BOOKMARK [2][-]{subsection.4.7.5}{How\040can\040I\040use\040two\040copies\040of\040Leo\040to\040advantage?}{section.4.7}% 74
\BOOKMARK [2][-]{subsection.4.7.6}{How\040can\040I\040display\040graphics\040in\040Leo?}{section.4.7}% 75
\BOOKMARK [2][-]{subsection.4.7.7}{How\040can\040I\040create\040a\040template\040.leo\040file?}{section.4.7}% 76
\BOOKMARK [2][-]{subsection.4.7.8}{How\040can\040I\040show\040Leo\040files\040with\040Excel?}{section.4.7}% 77
\BOOKMARK [2][-]{subsection.4.7.9}{How\040can\040I\040reuse\040@button\040nodes\040in\040multiple\040files?}{section.4.7}% 78
\BOOKMARK [2][-]{subsection.4.7.10}{How\040can\040I\040restore\040focus\040without\040using\040the\040mouse}{section.4.7}% 79
\BOOKMARK [2][-]{subsection.4.7.11}{How\040can\040I\040make\040commonly-used\040scripts\040widely\040accessible?}{section.4.7}% 80
\BOOKMARK [2][-]{subsection.4.7.12}{How\040can\040I\040use\040BibTeX\040citations\040from\040Leo?}{section.4.7}% 81
\BOOKMARK [1][-]{section.4.8}{Trouble\040shooting}{chapter.4}% 82
\BOOKMARK [2][-]{subsection.4.8.1}{How\040do\040I\040get\040help?}{section.4.8}% 83
\BOOKMARK [2][-]{subsection.4.8.2}{How\040do\040I\040report\040bugs?}{section.4.8}% 84
\BOOKMARK [2][-]{subsection.4.8.3}{My\040old\040.leo\040files\040won't\040load\040using\040Leo\0404.5\040or\040later.\040What\040should\040I\040do?}{section.4.8}% 85
\BOOKMARK [2][-]{subsection.4.8.4}{Error\040messages\040from\040the\040rst3\040plugin\040aren't\040helpful.\040What\040can\040I\040do?}{section.4.8}% 86
\BOOKMARK [2][-]{subsection.4.8.5}{How\040can\040I\040run\040Leo\040from\040a\040console\040window?}{section.4.8}% 87
\BOOKMARK [2][-]{subsection.4.8.6}{How\040can\040I\040use\040Python's\040pdb\040debugger\040with\040Leo?}{section.4.8}% 88
\BOOKMARK [2][-]{subsection.4.8.7}{I\040can't\040write\040Imported\040files.\040What's\040going\040on?}{section.4.8}% 89
\BOOKMARK [2][-]{subsection.4.8.8}{Nothing\040\(or\040almost\040nothing\)\040happens\040when\040I\040start\040Leo.\040What\040should\040I\040do?}{section.4.8}% 90
\BOOKMARK [2][-]{subsection.4.8.9}{The\040new\040Python\040decorator\040syntax\040causes\040problems.\040What\040can\040I\040do?}{section.4.8}% 91
\BOOKMARK [2][-]{subsection.4.8.10}{Running\040Python\040setup.py\040install\040from\040the\040leo\040directory\040doesn't\040work.\040Why\040not?}{section.4.8}% 92
\BOOKMARK [2][-]{subsection.4.8.11}{I\040can't\040run\040the\040LeoBridge\040module\040outside\040of\040leo/core.\040What\040should\040I\040do?}{section.4.8}% 93
\BOOKMARK [2][-]{subsection.4.8.12}{Why\040didn't\040Leo\040update\040my\040@shadow\040outline\040as\040expected?}{section.4.8}% 94
\BOOKMARK [2][-]{subsection.4.8.13}{Why\040do\040Qt\040windows\040disappear\040in\040my\040scripts?}{section.4.8}% 95
\BOOKMARK [1][-]{section.4.9}{Unicode\040issues}{chapter.4}% 96
\BOOKMARK [2][-]{subsection.4.9.1}{I\040can\040not\040enter\040non-ascii\040characters.\040What\040can\040I\040do?}{section.4.9}% 97
\BOOKMARK [2][-]{subsection.4.9.2}{Some\040characters\040in\040external\040files\040look\040funny.\040What\040can\040I\040do?}{section.4.9}% 98
\BOOKMARK [2][-]{subsection.4.9.3}{I\040get\040weird\040results\040when\040defining\040unicode\040strings\040in\040scripts.\040What\040is\040going\040on?}{section.4.9}% 99
\BOOKMARK [2][-]{subsection.4.9.4}{Some\040characters\040are\040garbled\040when\040importing\040files.\040What\040can\040I\040do?}{section.4.9}% 100
\BOOKMARK [2][-]{subsection.4.9.5}{Python's\040print\040statement\040shows\040`byte\040hash'\040for\040unicode\040characters.\040What\040can\040I\040do?}{section.4.9}% 101
\BOOKMARK [0][-]{chapter.5}{Slides}{}% 102
\BOOKMARK [1][-]{section.5.1}{Basic\040slide\040shows}{chapter.5}% 103
\BOOKMARK [1][-]{section.5.2}{Intermediate\040slide\040shows}{chapter.5}% 104
\BOOKMARK [0][-]{chapter.6}{Installing\040Leo}{}% 105
\BOOKMARK [1][-]{section.6.1}{Required\040and\040optional\040packages}{chapter.6}% 106
\BOOKMARK [1][-]{section.6.2}{Installing\040other\040packages}{chapter.6}% 107
\BOOKMARK [2][-]{subsection.6.2.1}{Installing\040Python}{section.6.2}% 108
\BOOKMARK [2][-]{subsection.6.2.2}{Installing\040Qt}{section.6.2}% 109
\BOOKMARK [2][-]{subsection.6.2.3}{Installing\040PyEnchant}{section.6.2}% 110
\BOOKMARK [1][-]{section.6.3}{Installing\040Leo\040itself}{chapter.6}% 111
\BOOKMARK [2][-]{subsection.6.3.1}{Installing\040Leo\040on\040Windows}{section.6.3}% 112
\BOOKMARK [2][-]{subsection.6.3.2}{Installing\040Leo\040on\040Linux}{section.6.3}% 113
\BOOKMARK [2][-]{subsection.6.3.3}{Installing\040Leo\040on\040MacOs\04010.7\040Lion}{section.6.3}% 114
\BOOKMARK [2][-]{subsection.6.3.4}{Installing\040Leo\040with\040bzr}{section.6.3}% 115
\BOOKMARK [1][-]{section.6.4}{Running\040Leo}{chapter.6}% 116
\BOOKMARK [2][-]{subsection.6.4.1}{Running\040Leo\040the\040first\040time}{section.6.4}% 117
\BOOKMARK [2][-]{subsection.6.4.2}{Running\040Leo\040in\040batch\040mode}{section.6.4}% 118
\BOOKMARK [2][-]{subsection.6.4.3}{Running\040Leo\040from\040a\040console\040window}{section.6.4}% 119
\BOOKMARK [2][-]{subsection.6.4.4}{The\040.leo\040directory}{section.6.4}% 120
\BOOKMARK [0][-]{chapter.7}{The\040Leo\040Tutorial}{}% 121
\BOOKMARK [1][-]{section.7.1}{Leo's\040main\040window}{chapter.7}% 122
\BOOKMARK [1][-]{section.7.2}{External\040files\040and\040@file\040nodes}{chapter.7}% 123
\BOOKMARK [1][-]{section.7.3}{Creating\040external\040files\040from\040outlines}{chapter.7}% 124
\BOOKMARK [2][-]{subsection.7.3.1}{Section\040references}{section.7.3}% 125
\BOOKMARK [2][-]{subsection.7.3.2}{The\040@others\040directive}{section.7.3}% 126
\BOOKMARK [2][-]{subsection.7.3.3}{The\040@all\040directive}{section.7.3}% 127
\BOOKMARK [2][-]{subsection.7.3.4}{Choosing\040between\040@others\040and\040sections}{section.7.3}% 128
\BOOKMARK [2][-]{subsection.7.3.5}{Organizing\040programs\040as\040outlines}{section.7.3}% 129
\BOOKMARK [1][-]{section.7.4}{Clones\040&\040views}{chapter.7}% 130
\BOOKMARK [1][-]{section.7.5}{More\040about\040directives}{chapter.7}% 131
\BOOKMARK [1][-]{section.7.6}{Scripting,\040extending\040and\040customizing\040Leo}{chapter.7}% 132
\BOOKMARK [1][-]{section.7.7}{Summary}{chapter.7}% 133
\BOOKMARK [1][-]{section.7.8}{Further\040study}{chapter.7}% 134
\BOOKMARK [0][-]{chapter.8}{Using\040Leo}{}% 135
\BOOKMARK [1][-]{section.8.1}{The\040minibuffer\040and\040minibuffer\040commands}{chapter.8}% 136
\BOOKMARK [2][-]{subsection.8.1.1}{Basic\040editing\040commands}{section.8.1}% 137
\BOOKMARK [2][-]{subsection.8.1.2}{Debugging\040commands}{section.8.1}% 138
\BOOKMARK [2][-]{subsection.8.1.3}{Emacs\040commands}{section.8.1}% 139
\BOOKMARK [2][-]{subsection.8.1.4}{Find\040commands}{section.8.1}% 140
\BOOKMARK [2][-]{subsection.8.1.5}{Gui\040commands}{section.8.1}% 141
\BOOKMARK [2][-]{subsection.8.1.6}{Help\040commands}{section.8.1}% 142
\BOOKMARK [2][-]{subsection.8.1.7}{Mode\040commands}{section.8.1}% 143
\BOOKMARK [2][-]{subsection.8.1.8}{Outline\040commands}{section.8.1}% 144
\BOOKMARK [2][-]{subsection.8.1.9}{Miscellaneous\040commands}{section.8.1}% 145
\BOOKMARK [1][-]{section.8.2}{Autocompletion}{chapter.8}% 146
\BOOKMARK [2][-]{subsection.8.2.1}{Starting\040autocompletion}{section.8.2}% 147
\BOOKMARK [2][-]{subsection.8.2.2}{Using\040the\040QCompleter}{section.8.2}% 148
\BOOKMARK [2][-]{subsection.8.2.3}{Using\040the\040Log\040pane\040completer}{section.8.2}% 149
\BOOKMARK [2][-]{subsection.8.2.4}{Showing\040docstrings}{section.8.2}% 150
\BOOKMARK [2][-]{subsection.8.2.5}{Autocompleter\040settings}{section.8.2}% 151
\BOOKMARK [2][-]{subsection.8.2.6}{Creating\040ctags\040data}{section.8.2}% 152
\BOOKMARK [1][-]{section.8.3}{Calltips}{chapter.8}% 153
\BOOKMARK [1][-]{section.8.4}{File\040commands}{chapter.8}% 154
\BOOKMARK [2][-]{subsection.8.4.1}{Loading,\040Saving\040and\040Reverting\040Files}{section.8.4}% 155
\BOOKMARK [2][-]{subsection.8.4.2}{Communicating\040with\040external\040editors}{section.8.4}% 156
\BOOKMARK [2][-]{subsection.8.4.3}{Importing\040Files\040into\040Leo\040Outlines}{section.8.4}% 157
\BOOKMARK [2][-]{subsection.8.4.4}{Exporting\040Files\040from\040Leo\040Outlines}{section.8.4}% 158
\BOOKMARK [2][-]{subsection.8.4.5}{Quitting\040Leo}{section.8.4}% 159
\BOOKMARK [1][-]{section.8.5}{Edit\040commands}{chapter.8}% 160
\BOOKMARK [2][-]{subsection.8.5.1}{Undoing\040changes}{section.8.5}% 161
\BOOKMARK [2][-]{subsection.8.5.2}{Cutting,\040pasting\040and\040selecting\040text}{section.8.5}% 162
\BOOKMARK [2][-]{subsection.8.5.3}{Indenting\040body\040text}{section.8.5}% 163
\BOOKMARK [2][-]{subsection.8.5.4}{Adding\040and\040deleting\040comments\040in\040body\040text}{section.8.5}% 164
\BOOKMARK [2][-]{subsection.8.5.5}{Creating\040nodes\040from\040body\040text}{section.8.5}% 165
\BOOKMARK [2][-]{subsection.8.5.6}{Converting\040leading\040blanks\040and\040tabs\040in\040body\040text}{section.8.5}% 166
\BOOKMARK [2][-]{subsection.8.5.7}{Executing\040Python\040scripts\040in\040body\040text}{section.8.5}% 167
\BOOKMARK [2][-]{subsection.8.5.8}{Finding\040and\040changing\040text}{section.8.5}% 168
\BOOKMARK [3][-]{subsubsection*.10}{Overview}{subsection.8.5.8}% 169
\BOOKMARK [3][-]{subsubsection*.11}{Basic\040searches}{subsection.8.5.8}% 170
\BOOKMARK [3][-]{subsubsection*.12}{find-all,\040clone-find-all\040&\040clone-find-all-flattened}{subsection.8.5.8}% 171
\BOOKMARK [3][-]{subsubsection*.13}{Change\040commands}{subsection.8.5.8}% 172
\BOOKMARK [3][-]{subsubsection*.14}{Incremental\040find\040commands}{subsection.8.5.8}% 173
\BOOKMARK [3][-]{subsubsection*.15}{Commands\040that\040set\040find\040options}{subsection.8.5.8}% 174
\BOOKMARK [3][-]{subsubsection*.16}{Word\040search\040and\040regex\040search\040commands}{subsection.8.5.8}% 175
\BOOKMARK [3][-]{subsubsection*.17}{Find\040settings}{subsection.8.5.8}% 176
\BOOKMARK [2][-]{subsection.8.5.9}{Go\040To\040Line\040Number}{section.8.5}% 177
\BOOKMARK [2][-]{subsection.8.5.10}{Inserting\040the\040date\040and\040time}{section.8.5}% 178
\BOOKMARK [2][-]{subsection.8.5.11}{Reformatting\040paragraphs\040in\040body\040text}{section.8.5}% 179
\BOOKMARK [2][-]{subsection.8.5.12}{Matching\040brackets\040and\040parenthesis}{section.8.5}% 180
\BOOKMARK [2][-]{subsection.8.5.13}{Indenting\040body\040text\040automatically}{section.8.5}% 181
\BOOKMARK [2][-]{subsection.8.5.14}{Creating\040and\040destroying\040multiple\040body\040editors}{section.8.5}% 182
\BOOKMARK [2][-]{subsection.8.5.15}{Opening\040URL's}{section.8.5}% 183
\BOOKMARK [2][-]{subsection.8.5.16}{Using\040chapters}{section.8.5}% 184
\BOOKMARK [1][-]{section.8.6}{Outline\040commands}{chapter.8}% 185
\BOOKMARK [2][-]{subsection.8.6.1}{Creating\040and\040destroying\040nodes}{section.8.6}% 186
\BOOKMARK [2][-]{subsection.8.6.2}{Expanding\040&\040contracting\040nodes}{section.8.6}% 187
\BOOKMARK [2][-]{subsection.8.6.3}{Cutting,\040pasting\040and\040deleting\040nodes}{section.8.6}% 188
\BOOKMARK [2][-]{subsection.8.6.4}{Navigating\040through\040the\040outline}{section.8.6}% 189
\BOOKMARK [2][-]{subsection.8.6.5}{Moving\040&\040Reorganizing\040nodes}{section.8.6}% 190
\BOOKMARK [2][-]{subsection.8.6.6}{Cloning\040nodes}{section.8.6}% 191
\BOOKMARK [2][-]{subsection.8.6.7}{Marking\040nodes}{section.8.6}% 192
\BOOKMARK [2][-]{subsection.8.6.8}{Dragging\040nodes}{section.8.6}% 193
\BOOKMARK [2][-]{subsection.8.6.9}{Hoisting\040&\040De-hoisting\040nodes}{section.8.6}% 194
\BOOKMARK [2][-]{subsection.8.6.10}{Checking\040outlines}{section.8.6}% 195
\BOOKMARK [2][-]{subsection.8.6.11}{Resizing\040panes}{section.8.6}% 196
\BOOKMARK [1][-]{section.8.7}{Window\040commands}{chapter.8}% 197
\BOOKMARK [1][-]{section.8.8}{Help\040commands}{chapter.8}% 198
\BOOKMARK [0][-]{chapter.9}{Customizing\040Leo}{}% 199
\BOOKMARK [1][-]{section.9.1}{Specifying\040settings}{chapter.9}% 200
\BOOKMARK [2][-]{subsection.9.1.1}{Configuration\040directories}{section.9.1}% 201
\BOOKMARK [2][-]{subsection.9.1.2}{Search\040order\040for\040settings\040files}{section.9.1}% 202
\BOOKMARK [2][-]{subsection.9.1.3}{Safe\040rules\040for\040local\040settings}{section.9.1}% 203
\BOOKMARK [2][-]{subsection.9.1.4}{Organizer\040nodes}{section.9.1}% 204
\BOOKMARK [2][-]{subsection.9.1.5}{@ignore\040and\040@if\040nodes}{section.9.1}% 205
\BOOKMARK [2][-]{subsection.9.1.6}{Simple\040settings\040nodes}{section.9.1}% 206
\BOOKMARK [2][-]{subsection.9.1.7}{Complex\040settings\040nodes}{section.9.1}% 207
\BOOKMARK [3][-]{subsubsection*.18}{@button}{subsection.9.1.7}% 208
\BOOKMARK [3][-]{subsubsection*.19}{@commands}{subsection.9.1.7}% 209
\BOOKMARK [3][-]{subsubsection*.20}{@data}{subsection.9.1.7}% 210
\BOOKMARK [3][-]{subsubsection*.21}{@enabled-plugins}{subsection.9.1.7}% 211
\BOOKMARK [3][-]{subsubsection*.22}{@font}{subsection.9.1.7}% 212
\BOOKMARK [3][-]{subsubsection*.23}{@menuat}{subsection.9.1.7}% 213
\BOOKMARK [3][-]{subsubsection*.24}{@menus}{subsection.9.1.7}% 214
\BOOKMARK [3][-]{subsubsection*.25}{@mode}{subsection.9.1.7}% 215
\BOOKMARK [3][-]{subsubsection*.26}{@recentfiles}{subsection.9.1.7}% 216
\BOOKMARK [3][-]{subsubsection*.27}{@shortcuts}{subsection.9.1.7}% 217
\BOOKMARK [1][-]{section.9.2}{Input\040modes}{chapter.9}% 218
\BOOKMARK [1][-]{section.9.3}{Adding\040extensible\040attributes\040to\040nodes\040and\040.leo\040files}{chapter.9}% 219
\BOOKMARK [1][-]{section.9.4}{Translating\040Leo's\040menus\040and\040messages}{chapter.9}% 220
\BOOKMARK [1][-]{section.9.5}{Writing\040new\040importers}{chapter.9}% 221
\BOOKMARK [0][-]{chapter.10}{Controlling\040Syntax\040Coloring}{}% 222
\BOOKMARK [1][-]{section.10.1}{Syntax\040coloring\040settings}{chapter.10}% 223
\BOOKMARK [1][-]{section.10.2}{Files}{chapter.10}% 224
\BOOKMARK [1][-]{section.10.3}{The\040colorizer's\040inner\040loop}{chapter.10}% 225
\BOOKMARK [1][-]{section.10.4}{Format\040of\040colorizer\040control\040files}{chapter.10}% 226
\BOOKMARK [2][-]{subsection.10.4.1}{Ruleset\040names}{section.10.4}% 227
\BOOKMARK [2][-]{subsection.10.4.2}{x.properties}{section.10.4}% 228
\BOOKMARK [2][-]{subsection.10.4.3}{Attribute\040dictionaries\040and\040x.attributesDictDict}{section.10.4}% 229
\BOOKMARK [2][-]{subsection.10.4.4}{Keyword\040dictionaries\040and\040x.keywordsDictDict}{section.10.4}% 230
\BOOKMARK [2][-]{subsection.10.4.5}{Rules,\040rules\040dictionaries\040and\040x.rulesDictDict}{section.10.4}% 231
\BOOKMARK [2][-]{subsection.10.4.6}{x.importDict\040and\040imported\040versus\040delegated\040rulesets}{section.10.4}% 232
\BOOKMARK [1][-]{section.10.5}{Rule\040methods}{chapter.10}% 233
\BOOKMARK [2][-]{subsection.10.5.1}{Arguments\040to\040rule\040methods}{section.10.5}% 234
\BOOKMARK [2][-]{subsection.10.5.2}{match_eol_span}{section.10.5}% 235
\BOOKMARK [2][-]{subsection.10.5.3}{match_eol_span_regexp}{section.10.5}% 236
\BOOKMARK [2][-]{subsection.10.5.4}{match_keywords}{section.10.5}% 237
\BOOKMARK [2][-]{subsection.10.5.5}{match_mark_following}{section.10.5}% 238
\BOOKMARK [2][-]{subsection.10.5.6}{match_mark_previous}{section.10.5}% 239
\BOOKMARK [2][-]{subsection.10.5.7}{match_seq}{section.10.5}% 240
\BOOKMARK [2][-]{subsection.10.5.8}{match_seq_regexp}{section.10.5}% 241
\BOOKMARK [2][-]{subsection.10.5.9}{match_span}{section.10.5}% 242
\BOOKMARK [2][-]{subsection.10.5.10}{match_span_regexp}{section.10.5}% 243
\BOOKMARK [2][-]{subsection.10.5.11}{match_terminate}{section.10.5}% 244
\BOOKMARK [0][-]{chapter.11}{Creating\040Documents\040with\040Leo}{}% 245
\BOOKMARK [1][-]{section.11.1}{Tutorial}{chapter.11}% 246
\BOOKMARK [2][-]{subsection.11.1.1}{Step\0401:\040Create\040the\040@rst\040node}{section.11.1}% 247
\BOOKMARK [3][-]{subsubsection*.30}{Set\040global\040options}{subsection.11.1.1}% 248
\BOOKMARK [3][-]{subsubsection*.31}{Set\040your\040document's\040title}{subsection.11.1.1}% 249
\BOOKMARK [2][-]{subsection.11.1.2}{Step\0402:\040Write\040your\040document}{section.11.1}% 250
\BOOKMARK [2][-]{subsection.11.1.3}{Step\0403:\040Run\040the\040rst3\040command}{section.11.1}% 251
\BOOKMARK [2][-]{subsection.11.1.4}{Go\040forth\040and\040experiment}{section.11.1}% 252
\BOOKMARK [1][-]{section.11.2}{Options}{chapter.11}% 253
\BOOKMARK [2][-]{subsection.11.2.1}{General\040options}{section.11.2}% 254
\BOOKMARK [2][-]{subsection.11.2.2}{Headline\040commands}{section.11.2}% 255
\BOOKMARK [2][-]{subsection.11.2.3}{Option\040doc\040parts}{section.11.2}% 256
\BOOKMARK [2][-]{subsection.11.2.4}{Defaults\040for\040options}{section.11.2}% 257
\BOOKMARK [2][-]{subsection.11.2.5}{Http\040plugin\040options}{section.11.2}% 258
\BOOKMARK [2][-]{subsection.11.2.6}{Section\040expansion\040options}{section.11.2}% 259
\BOOKMARK [1][-]{section.11.3}{Other\040topics}{chapter.11}% 260
\BOOKMARK [2][-]{subsection.11.3.1}{Markup\040doc\040parts}{section.11.3}% 261
\BOOKMARK [2][-]{subsection.11.3.2}{Required\040cascading\040style\040sheets}{section.11.3}% 262
\BOOKMARK [1][-]{section.11.4}{Further\040study}{chapter.11}% 263
\BOOKMARK [1][-]{section.11.5}{Acknowledgements}{chapter.11}% 264
\BOOKMARK [1][-]{section.11.6}{Theory\040of\040operation}{chapter.11}% 265
\BOOKMARK [0][-]{chapter.12}{Scripting\040Leo\040with\040Python}{}% 266
\BOOKMARK [1][-]{section.12.1}{Basics}{chapter.12}% 267
\BOOKMARK [2][-]{subsection.12.1.1}{c,\040g\040and\040p}{section.12.1}% 268
\BOOKMARK [2][-]{subsection.12.1.2}{Import\040objects}{section.12.1}% 269
\BOOKMARK [2][-]{subsection.12.1.3}{g.es\040writes\040to\040the\040log\040pane}{section.12.1}% 270
\BOOKMARK [2][-]{subsection.12.1.4}{p.h\040and\040p.b}{section.12.1}% 271
\BOOKMARK [2][-]{subsection.12.1.5}{c.redraw}{section.12.1}% 272
\BOOKMARK [2][-]{subsection.12.1.6}{p.copy}{section.12.1}% 273
\BOOKMARK [2][-]{subsection.12.1.7}{Generators}{section.12.1}% 274
\BOOKMARK [3][-]{subsubsection*.32}{c.all_positions\040&\040c.all_unique_positions}{subsection.12.1.7}% 275
\BOOKMARK [3][-]{subsubsection*.33}{p.children}{subsection.12.1.7}% 276
\BOOKMARK [3][-]{subsubsection*.34}{p.parents\040&\040p.self_and_parents}{subsection.12.1.7}% 277
\BOOKMARK [3][-]{subsubsection*.35}{p.siblings\040&\040p.following_siblings}{subsection.12.1.7}% 278
\BOOKMARK [3][-]{subsubsection*.36}{p.subtree\040&\040p.self_and_subtree}{subsection.12.1.7}% 279
\BOOKMARK [2][-]{subsection.12.1.8}{Testing\040whether\040a\040position\040is\040valid}{section.12.1}% 280
\BOOKMARK [2][-]{subsection.12.1.9}{g.pdb}{section.12.1}% 281
\BOOKMARK [2][-]{subsection.12.1.10}{@button\040scripts}{section.12.1}% 282
\BOOKMARK [2][-]{subsection.12.1.11}{autocompletion}{section.12.1}% 283
\BOOKMARK [2][-]{subsection.12.1.12}{Summary}{section.12.1}% 284
\BOOKMARK [3][-]{subsubsection*.37}{Iterators}{subsection.12.1.12}% 285
\BOOKMARK [3][-]{subsubsection*.38}{Getters}{subsection.12.1.12}% 286
\BOOKMARK [3][-]{subsubsection*.39}{Setters}{subsection.12.1.12}% 287
\BOOKMARK [1][-]{section.12.2}{Event\040handlers}{chapter.12}% 288
\BOOKMARK [2][-]{subsection.12.2.1}{Enabling\040idle\040time\040event\040handlers}{section.12.2}% 289
\BOOKMARK [1][-]{section.12.3}{Other\040topics}{chapter.12}% 290
\BOOKMARK [2][-]{subsection.12.3.1}{g.app.windowList:\040the\040list\040of\040all\040open\040frames}{section.12.3}% 291
\BOOKMARK [2][-]{subsection.12.3.2}{Ensuring\040that\040positions\040are\040valid}{section.12.3}% 292
\BOOKMARK [2][-]{subsection.12.3.3}{g.openWithFileName}{section.12.3}% 293
\BOOKMARK [2][-]{subsection.12.3.4}{g.getScript}{section.12.3}% 294
\BOOKMARK [2][-]{subsection.12.3.5}{c.frame.body.bodyCtrl}{section.12.3}% 295
\BOOKMARK [2][-]{subsection.12.3.6}{Invoking\040commands\040from\040scripts}{section.12.3}% 296
\BOOKMARK [2][-]{subsection.12.3.7}{Getting\040settings\040from\040@settings\040trees}{section.12.3}% 297
\BOOKMARK [2][-]{subsection.12.3.8}{Preferences\040ivars}{section.12.3}% 298
\BOOKMARK [2][-]{subsection.12.3.9}{Functions\040defined\040in\040leoGlobals.py}{section.12.3}% 299
\BOOKMARK [2][-]{subsection.12.3.10}{Making\040operations\040undoable}{section.12.3}% 300
\BOOKMARK [2][-]{subsection.12.3.11}{Redirecting\040output\040from\040scripts}{section.12.3}% 301
\BOOKMARK [2][-]{subsection.12.3.12}{Creating\040Qt\040Windows\040from\040Leo\040scripts}{section.12.3}% 302
\BOOKMARK [2][-]{subsection.12.3.13}{Writing\040to\040different\040log\040tabs}{section.12.3}% 303
\BOOKMARK [2][-]{subsection.12.3.14}{Invoking\040dialogs\040using\040the\040g.app.gui\040class}{section.12.3}% 304
\BOOKMARK [2][-]{subsection.12.3.15}{Inserting\040and\040deleting\040icons}{section.12.3}% 305
\BOOKMARK [2][-]{subsection.12.3.16}{Working\040with\040directives\040and\040paths}{section.12.3}% 306
\BOOKMARK [2][-]{subsection.12.3.17}{Running\040Leo\040in\040batch\040mode}{section.12.3}% 307
\BOOKMARK [2][-]{subsection.12.3.18}{Getting\040interactive\040input\040from\040scripts}{section.12.3}% 308
\BOOKMARK [2][-]{subsection.12.3.19}{The\040@g.command\040decorator}{section.12.3}% 309
\BOOKMARK [2][-]{subsection.12.3.20}{Modifying\040plugins\040with\040@script\040scripts}{section.12.3}% 310
\BOOKMARK [2][-]{subsection.12.3.21}{Creating\040minimal\040outlines}{section.12.3}% 311
\BOOKMARK [2][-]{subsection.12.3.22}{Retaining\040pointers\040to\040Qt\040windows}{section.12.3}% 312
\BOOKMARK [0][-]{chapter.13}{Plugins}{}% 313
\BOOKMARK [1][-]{section.13.1}{Enabling\040plugins}{chapter.13}% 314
\BOOKMARK [1][-]{section.13.2}{Summary}{chapter.13}% 315
\BOOKMARK [1][-]{section.13.3}{Gui-independent\040plugins}{chapter.13}% 316
\BOOKMARK [2][-]{subsection.13.3.1}{Commands\040&\040directives}{section.13.3}% 317
\BOOKMARK [3][-]{subsubsection*.40}{add_directives.py}{subsection.13.3.1}% 318
\BOOKMARK [3][-]{subsubsection*.41}{bzr_qcommands.py}{subsection.13.3.1}% 319
\BOOKMARK [3][-]{subsubsection*.42}{empty_leo_file.py}{subsection.13.3.1}% 320
\BOOKMARK [3][-]{subsubsection*.43}{import_cisco_config.py}{subsection.13.3.1}% 321
\BOOKMARK [3][-]{subsubsection*.44}{initinclass.py}{subsection.13.3.1}% 322
\BOOKMARK [3][-]{subsubsection*.45}{leo_interface.py}{subsection.13.3.1}% 323
\BOOKMARK [3][-]{subsubsection*.46}{lineNumbers.py}{subsection.13.3.1}% 324
\BOOKMARK [3][-]{subsubsection*.47}{macros.py}{subsection.13.3.1}% 325
\BOOKMARK [3][-]{subsubsection*.48}{mod_autosave.py}{subsection.13.3.1}% 326
\BOOKMARK [3][-]{subsubsection*.49}{mod_read_dir_outline.py}{subsection.13.3.1}% 327
\BOOKMARK [3][-]{subsubsection*.50}{mod_timestamp.py}{subsection.13.3.1}% 328
\BOOKMARK [3][-]{subsubsection*.51}{nodeActions.py}{subsection.13.3.1}% 329
\BOOKMARK [3][-]{subsubsection*.52}{outline_export.py}{subsection.13.3.1}% 330
\BOOKMARK [3][-]{subsubsection*.53}{paste_as_headlines.py}{subsection.13.3.1}% 331
\BOOKMARK [3][-]{subsubsection*.54}{pretty_print.py}{subsection.13.3.1}% 332
\BOOKMARK [3][-]{subsubsection*.55}{quickMove.py}{subsection.13.3.1}% 333
\BOOKMARK [3][-]{subsubsection*.56}{setHomeDirectory.py}{subsection.13.3.1}% 334
\BOOKMARK [3][-]{subsubsection*.57}{word_count.py}{subsection.13.3.1}% 335
\BOOKMARK [2][-]{subsection.13.3.2}{Debugging}{section.13.3}% 336
\BOOKMARK [3][-]{subsubsection*.58}{debugger_pudb.py}{subsection.13.3.2}% 337
\BOOKMARK [3][-]{subsubsection*.59}{dump_globals.py}{subsection.13.3.2}% 338
\BOOKMARK [3][-]{subsubsection*.60}{enable_gc.py}{subsection.13.3.2}% 339
\BOOKMARK [3][-]{subsubsection*.61}{quit_leo.py}{subsection.13.3.2}% 340
\BOOKMARK [3][-]{subsubsection*.62}{trace_gc_plugin.py}{subsection.13.3.2}% 341
\BOOKMARK [3][-]{subsubsection*.63}{trace_keys.py}{subsection.13.3.2}% 342
\BOOKMARK [3][-]{subsubsection*.64}{trace_tags.py}{subsection.13.3.2}% 343
\BOOKMARK [2][-]{subsection.13.3.3}{External\040programs}{section.13.3}% 344
\BOOKMARK [3][-]{subsubsection*.65}{ipython.py}{subsection.13.3.3}% 345
\BOOKMARK [3][-]{subsubsection*.66}{mod_tempfname.py}{subsection.13.3.3}% 346
\BOOKMARK [3][-]{subsubsection*.67}{open_shell.py}{subsection.13.3.3}% 347
\BOOKMARK [3][-]{subsubsection*.68}{tomboy_import.py}{subsection.13.3.3}% 348
\BOOKMARK [3][-]{subsubsection*.69}{vim.py}{subsection.13.3.3}% 349
\BOOKMARK [3][-]{subsubsection*.70}{xemacs.py}{subsection.13.3.3}% 350
\BOOKMARK [3][-]{subsubsection*.71}{word_export.py}{subsection.13.3.3}% 351
\BOOKMARK [2][-]{subsection.13.3.4}{Files\040and\040nodes}{section.13.3}% 352
\BOOKMARK [3][-]{subsubsection*.72}{active_path.py}{subsection.13.3.4}% 353
\BOOKMARK [3][-]{subsubsection*.73}{at_folder.py}{subsection.13.3.4}% 354
\BOOKMARK [3][-]{subsubsection*.74}{at_produce.py}{subsection.13.3.4}% 355
\BOOKMARK [3][-]{subsubsection*.75}{at_view.py}{subsection.13.3.4}% 356
\BOOKMARK [3][-]{subsubsection*.76}{backlink.py}{subsection.13.3.4}% 357
\BOOKMARK [3][-]{subsubsection*.77}{datenodes.py}{subsection.13.3.4}% 358
\BOOKMARK [3][-]{subsubsection*.78}{expfolder.py}{subsection.13.3.4}% 359
\BOOKMARK [3][-]{subsubsection*.79}{FileActions.py}{subsection.13.3.4}% 360
\BOOKMARK [3][-]{subsubsection*.80}{geotag.py}{subsection.13.3.4}% 361
\BOOKMARK [3][-]{subsubsection*.81}{leocursor.py}{subsection.13.3.4}% 362
\BOOKMARK [3][-]{subsubsection*.82}{mime.py}{subsection.13.3.4}% 363
\BOOKMARK [3][-]{subsubsection*.83}{multifile.py}{subsection.13.3.4}% 364
\BOOKMARK [3][-]{subsubsection*.84}{niceNosent.py}{subsection.13.3.4}% 365
\BOOKMARK [3][-]{subsubsection*.85}{read_only_nodes.py}{subsection.13.3.4}% 366
\BOOKMARK [3][-]{subsubsection*.86}{run_nodes.py}{subsection.13.3.4}% 367
\BOOKMARK [3][-]{subsubsection*.87}{startfile.py}{subsection.13.3.4}% 368
\BOOKMARK [3][-]{subsubsection*.88}{xsltWithNodes.py}{subsection.13.3.4}% 369
\BOOKMARK [2][-]{subsection.13.3.5}{Scripting}{section.13.3}% 370
\BOOKMARK [3][-]{subsubsection*.89}{dyna_menu}{subsection.13.3.5}% 371
\BOOKMARK [3][-]{subsubsection*.90}{leoscreen.py}{subsection.13.3.5}% 372
\BOOKMARK [3][-]{subsubsection*.91}{mod_scripting.py}{subsection.13.3.5}% 373
\BOOKMARK [3][-]{subsubsection*.92}{script_io_to_body.py}{subsection.13.3.5}% 374
\BOOKMARK [2][-]{subsection.13.3.6}{Servers}{section.13.3}% 375
\BOOKMARK [3][-]{subsubsection*.93}{leoremote.py}{subsection.13.3.6}% 376
\BOOKMARK [3][-]{subsubsection*.94}{mod_http.py}{subsection.13.3.6}% 377
\BOOKMARK [2][-]{subsection.13.3.7}{Slideshows\040and\040screenshots}{section.13.3}% 378
\BOOKMARK [3][-]{subsubsection*.95}{screenshots.py}{subsection.13.3.7}% 379
\BOOKMARK [3][-]{subsubsection*.96}{slideshow.py}{subsection.13.3.7}% 380
\BOOKMARK [2][-]{subsection.13.3.8}{Text\040formatting}{section.13.3}% 381
\BOOKMARK [3][-]{subsubsection*.97}{bibtex.py}{subsection.13.3.8}% 382
\BOOKMARK [3][-]{subsubsection*.98}{dtest.py}{subsection.13.3.8}% 383
\BOOKMARK [3][-]{subsubsection*.99}{leo_to_html.py}{subsection.13.3.8}% 384
\BOOKMARK [3][-]{subsubsection*.100}{leo_to_rtf.py}{subsection.13.3.8}% 385
\BOOKMARK [2][-]{subsection.13.3.9}{User\040interface}{section.13.3}% 386
\BOOKMARK [3][-]{subsubsection*.101}{UNL.py}{subsection.13.3.9}% 387
\BOOKMARK [3][-]{subsubsection*.102}{chapter_hoist.py}{subsection.13.3.9}% 388
\BOOKMARK [3][-]{subsubsection*.103}{detect_urls.py}{subsection.13.3.9}% 389
\BOOKMARK [3][-]{subsubsection*.104}{EditAttributes.py}{subsection.13.3.9}% 390
\BOOKMARK [3][-]{subsubsection*.105}{interact.py}{subsection.13.3.9}% 391
\BOOKMARK [3][-]{subsubsection*.106}{maximizeNewWindows.py}{subsection.13.3.9}% 392
\BOOKMARK [3][-]{subsubsection*.107}{mod_framesize.py}{subsection.13.3.9}% 393
\BOOKMARK [3][-]{subsubsection*.108}{plugins_menu.py}{subsection.13.3.9}% 394
\BOOKMARK [3][-]{subsubsection*.109}{redirect_to_log.py}{subsection.13.3.9}% 395
\BOOKMARK [3][-]{subsubsection*.110}{scripts_menu.py}{subsection.13.3.9}% 396
\BOOKMARK [3][-]{subsubsection*.111}{zenity_file_dialogs.py}{subsection.13.3.9}% 397
\BOOKMARK [1][-]{section.13.4}{Qt\040only\040plugins}{chapter.13}% 398
\BOOKMARK [2][-]{subsection.13.4.1}{attrib_edit.py}{section.13.4}% 399
\BOOKMARK [2][-]{subsection.13.4.2}{colorize_headlines.py}{section.13.4}% 400
\BOOKMARK [2][-]{subsection.13.4.3}{contextmenu.py}{section.13.4}% 401
\BOOKMARK [2][-]{subsection.13.4.4}{nav_qt.py}{section.13.4}% 402
\BOOKMARK [2][-]{subsection.13.4.5}{projectwizard.py}{section.13.4}% 403
\BOOKMARK [2][-]{subsection.13.4.6}{quicksearch.py}{section.13.4}% 404
\BOOKMARK [2][-]{subsection.13.4.7}{scrolledmessage.py}{section.13.4}% 405
\BOOKMARK [2][-]{subsection.13.4.8}{spydershell.py}{section.13.4}% 406
\BOOKMARK [2][-]{subsection.13.4.9}{stickynotes.py}{section.13.4}% 407
\BOOKMARK [2][-]{subsection.13.4.10}{todo.py}{section.13.4}% 408
\BOOKMARK [2][-]{subsection.13.4.11}{viewrendered.py}{section.13.4}% 409
\BOOKMARK [2][-]{subsection.13.4.12}{graphcanvas.py}{section.13.4}% 410
\BOOKMARK [0][-]{chapter.14}{Writing\040Plugins}{}% 411
\BOOKMARK [1][-]{section.14.1}{enabled-plugins}{chapter.14}% 412
\BOOKMARK [1][-]{section.14.2}{Support\040for\040unit\040testing}{chapter.14}% 413
\BOOKMARK [1][-]{section.14.3}{Important\040security\040warnings}{chapter.14}% 414
\BOOKMARK [0][-]{chapter.15}{Unit\040testing\040with\040Leo}{}% 415
\BOOKMARK [1][-]{section.15.1}{Using\040@test\040nodes}{chapter.15}% 416
\BOOKMARK [1][-]{section.15.2}{Using\040@suite\040nodes}{chapter.15}% 417
\BOOKMARK [1][-]{section.15.3}{Using\040@mark-for-unit-tests}{chapter.15}% 418
\BOOKMARK [1][-]{section.15.4}{How\040the\040unit\040test\040commands\040work}{chapter.15}% 419
\BOOKMARK [1][-]{section.15.5}{@button\040timer}{chapter.15}% 420
\BOOKMARK [1][-]{section.15.6}{@button\040profile}{chapter.15}% 421
\BOOKMARK [0][-]{chapter.16}{Debugging\040with\040Leo}{}% 422
\BOOKMARK [1][-]{section.16.1}{Using\040g.trace\040and\040g.pdb}{chapter.16}% 423
\BOOKMARK [1][-]{section.16.2}{Settings\040for\040winpdb}{chapter.16}% 424
\BOOKMARK [1][-]{section.16.3}{Debugging\040scripts\040with\040winpdb}{chapter.16}% 425
\BOOKMARK [2][-]{subsection.16.3.1}{The\040debug\040command}{section.16.3}% 426
\BOOKMARK [2][-]{subsection.16.3.2}{The\040execute-script\040command\040with\040explicit\040debugger\040breaks}{section.16.3}% 427
\BOOKMARK [0][-]{chapter.17}{Using\040@shadow}{}% 428
\BOOKMARK [1][-]{section.17.1}{Overview}{chapter.17}% 429
\BOOKMARK [1][-]{section.17.2}{Creating\040@shadow\040trees}{chapter.17}% 430
\BOOKMARK [1][-]{section.17.3}{What\040the\040update\040algorithm\040does}{chapter.17}% 431
\BOOKMARK [1][-]{section.17.4}{Aha:\040boundary\040cases\040don't\040matter}{chapter.17}% 432
\BOOKMARK [0][-]{chapter.18}{The\040leoInspect\040Module}{}% 433
\BOOKMARK [1][-]{section.18.1}{A\040query\040language}{chapter.18}% 434
\BOOKMARK [1][-]{section.18.2}{Comparing\040leoInspect\040and\040Pylint}{chapter.18}% 435
\BOOKMARK [1][-]{section.18.3}{Still\040to\040do}{chapter.18}% 436
\BOOKMARK [1][-]{section.18.4}{Theory\040of\040operation}{chapter.18}% 437
\BOOKMARK [2][-]{subsection.18.4.1}{Getters}{section.18.4}% 438
\BOOKMARK [2][-]{subsection.18.4.2}{Computing\040token\040ranges}{section.18.4}% 439
\BOOKMARK [3][-]{subsubsection*.112}{Token-info\040prepass}{subsection.18.4.2}% 440
\BOOKMARK [3][-]{subsubsection*.113}{token_range}{subsection.18.4.2}% 441
\BOOKMARK [0][-]{chapter.19}{Leo\040and\040Emacs}{}% 442
\BOOKMARK [1][-]{section.19.1}{Controlling\040Leo\040from\040Emacs\040using\040Pymacs}{chapter.19}% 443
\BOOKMARK [1][-]{section.19.2}{Functions\040in\040leoPymacs.py}{chapter.19}% 444
\BOOKMARK [1][-]{section.19.3}{The\040minibuffer}{chapter.19}% 445
\BOOKMARK [0][-]{chapter.20}{IPython\040and\040Leo}{}% 446
\BOOKMARK [1][-]{section.20.1}{Introduction}{chapter.20}% 447
\BOOKMARK [1][-]{section.20.2}{Installation\040and\040startup}{chapter.20}% 448
\BOOKMARK [1][-]{section.20.3}{Accessing\040IPython\040from\040Leo}{chapter.20}% 449
\BOOKMARK [2][-]{subsection.20.3.1}{IPython\040code}{section.20.3}% 450
\BOOKMARK [2][-]{subsection.20.3.2}{Plain\040Python\040code}{section.20.3}% 451
\BOOKMARK [1][-]{section.20.4}{Accessing\040Leo\040nodes\040from\040IPython}{chapter.20}% 452
\BOOKMARK [2][-]{subsection.20.4.1}{LeoNode}{section.20.4}% 453
\BOOKMARK [2][-]{subsection.20.4.2}{Accessing\040children\040with\040iteration\040and\040dict\040notation}{section.20.4}% 454
\BOOKMARK [1][-]{section.20.5}{@cl\040definitions}{chapter.20}% 455
\BOOKMARK [1][-]{section.20.6}{Special\040node\040types}{chapter.20}% 456
\BOOKMARK [2][-]{subsection.20.6.1}{@ipy-startup}{section.20.6}% 457
\BOOKMARK [2][-]{subsection.20.6.2}{@ipy-results}{section.20.6}% 458
\BOOKMARK [2][-]{subsection.20.6.3}{@ipy-root}{section.20.6}% 459
\BOOKMARK [2][-]{subsection.20.6.4}{@a\040nodes}{section.20.6}% 460
\BOOKMARK [1][-]{section.20.7}{Launching\040ILeo\040from\040IPython}{chapter.20}% 461
\BOOKMARK [1][-]{section.20.8}{Declaring\040custom\040push-to-ipython\040handlers}{chapter.20}% 462
\BOOKMARK [1][-]{section.20.9}{Example\040code\040snippets}{chapter.20}% 463
\BOOKMARK [1][-]{section.20.10}{Example\040use\040case:\040pylab}{chapter.20}% 464
\BOOKMARK [2][-]{subsection.20.10.1}{Startup}{section.20.10}% 465
\BOOKMARK [2][-]{subsection.20.10.2}{Usage}{section.20.10}% 466
\BOOKMARK [1][-]{section.20.11}{Magic\040functions}{chapter.20}% 467
\BOOKMARK [2][-]{subsection.20.11.1}{%mb}{section.20.11}% 468
\BOOKMARK [2][-]{subsection.20.11.2}{%lee}{section.20.11}% 469
\BOOKMARK [1][-]{section.20.12}{Acknowledgements\040and\040history}{chapter.20}% 470
\BOOKMARK [0][-]{chapter.21}{Embedding\040Leo\040with\040the\040leoBridge\040module}{}% 471
\BOOKMARK [1][-]{section.21.1}{The\040basics}{chapter.21}% 472
\BOOKMARK [1][-]{section.21.2}{Running\040leoBridge\040from\040within\040Leo}{chapter.21}% 473
\BOOKMARK [0][-]{chapter.22}{Using\040Vim\040Bindings\040with\040Leo}{}% 474
\BOOKMARK [1][-]{section.22.1}{Installing\040vim\040bindings}{chapter.22}% 475
\BOOKMARK [1][-]{section.22.2}{General\040commands}{chapter.22}% 476
\BOOKMARK [1][-]{section.22.3}{Body\040pane\040commands}{chapter.22}% 477
\BOOKMARK [1][-]{section.22.4}{Outline\040commands}{chapter.22}% 478
\BOOKMARK [1][-]{section.22.5}{Commands\040not\040supported}{chapter.22}% 479
\BOOKMARK [1][-]{section.22.6}{Avoiding\040changes\040to\040`tag'\040files}{chapter.22}% 480
\BOOKMARK [0][-]{chapter.23}{Using\040ZODB\040with\040Leo}{}% 481
\BOOKMARK [1][-]{section.23.1}{Configuring\040Leo\040to\040use\040zodb}{chapter.23}% 482
\BOOKMARK [1][-]{section.23.2}{Initing\040zodb}{chapter.23}% 483
\BOOKMARK [1][-]{section.23.3}{Writing\040data\040to\040zodb}{chapter.23}% 484
\BOOKMARK [1][-]{section.23.4}{Defining\040zodb\040keys}{chapter.23}% 485
\BOOKMARK [1][-]{section.23.5}{Reading\040data\040from\040zodb}{chapter.23}% 486
\BOOKMARK [1][-]{section.23.6}{About\040connections}{chapter.23}% 487
\BOOKMARK [1][-]{section.23.7}{Convenience\040routines}{chapter.23}% 488
\BOOKMARK [2][-]{subsection.23.7.1}{g.init_zodb\040\(pathToZodbStorage,verbose=True\)}{section.23.7}% 489
\BOOKMARK [2][-]{subsection.23.7.2}{v.detach\(\)}{section.23.7}% 490
\BOOKMARK [0][-]{chapter.24}{Leo's\040Reference}{}% 491
\BOOKMARK [1][-]{section.24.1}{Part\0401:\040@<file>\040directives}{chapter.24}% 492
\BOOKMARK [2][-]{subsection.24.1.1}{@asis\040<path>}{section.24.1}% 493
\BOOKMARK [2][-]{subsection.24.1.2}{@auto\040<path>}{section.24.1}% 494
\BOOKMARK [2][-]{subsection.24.1.3}{@edit\040<path>}{section.24.1}% 495
\BOOKMARK [2][-]{subsection.24.1.4}{@file\040<path>\040\(aka\040@thin\)}{section.24.1}% 496
\BOOKMARK [2][-]{subsection.24.1.5}{@nosent\040<path>}{section.24.1}% 497
\BOOKMARK [2][-]{subsection.24.1.6}{@shadow\040<path>}{section.24.1}% 498
\BOOKMARK [1][-]{section.24.2}{Part\0402:\040@all\040and\040@others}{chapter.24}% 499
\BOOKMARK [1][-]{section.24.3}{Part\0403:\040Syntax\040coloring\040directives}{chapter.24}% 500
\BOOKMARK [1][-]{section.24.4}{Part\0404:\040Dangerous\040directives}{chapter.24}% 501
\BOOKMARK [1][-]{section.24.5}{Part\0405:\040All\040other\040directives}{chapter.24}% 502
\BOOKMARK [0][-]{chapter.25}{Designing\040with\040Leo}{}% 503
\BOOKMARK [1][-]{section.25.1}{Outlines\040embody\040design}{chapter.25}% 504
\BOOKMARK [1][-]{section.25.2}{Nodes\040hide\040details}{chapter.25}% 505
\BOOKMARK [1][-]{section.25.3}{Clones\040create\040views}{chapter.25}% 506
\BOOKMARK [1][-]{section.25.4}{Nodes\040create\040context}{chapter.25}% 507
\BOOKMARK [0][-]{chapter.26}{History\040of\040Leo}{}% 508
\BOOKMARK [1][-]{section.26.1}{Beginnings}{chapter.26}% 509
\BOOKMARK [1][-]{section.26.2}{Breakthrough}{chapter.26}% 510
\BOOKMARK [1][-]{section.26.3}{Apple\040and\040YellowBox}{chapter.26}% 511
\BOOKMARK [1][-]{section.26.4}{Borland\040C++}{chapter.26}% 512
\BOOKMARK [1][-]{section.26.5}{Discovering\040Python}{chapter.26}% 513
\BOOKMARK [1][-]{section.26.6}{SourceForge}{chapter.26}% 514
\BOOKMARK [1][-]{section.26.7}{Allowing\040sentinel\040lines\040in\040external\040files}{chapter.26}% 515
\BOOKMARK [1][-]{section.26.8}{Untangling\040@file\040is\040easy!}{chapter.26}% 516
\BOOKMARK [1][-]{section.26.9}{Leo\0403.x:\040Continuous\040improvement}{chapter.26}% 517
\BOOKMARK [1][-]{section.26.10}{Leo\0404.0:\040Eliminating\040error\040`recovery'}{chapter.26}% 518
\BOOKMARK [1][-]{section.26.11}{Leo\0404.1:\040The\040debut\040of\040gnx's}{chapter.26}% 519
\BOOKMARK [1][-]{section.26.12}{Leo\0404.2:\040Complete\040at\040last}{chapter.26}% 520
\BOOKMARK [1][-]{section.26.13}{Leo\0404.3\040Settings}{chapter.26}% 521
\BOOKMARK [1][-]{section.26.14}{Leo\0404.4\040The\040minibuffer\040and\040key\040bindings}{chapter.26}% 522
\BOOKMARK [1][-]{section.26.15}{Leo\0404.4.x\040Improvements}{chapter.26}% 523
\BOOKMARK [1][-]{section.26.16}{Leo\0404.5\040@shadow\040files}{chapter.26}% 524
\BOOKMARK [1][-]{section.26.17}{Leo\0404.6\040Caching,\040Qt\040and\040more}{chapter.26}% 525
\BOOKMARK [1][-]{section.26.18}{Leo\0404.7\040The\040one\040node\040world\040and\040Python\0403k}{chapter.26}% 526
\BOOKMARK [1][-]{section.26.19}{Leo\0404.8\040Simple\040sentinels\040&\040better\040data\040recovery}{chapter.26}% 527
\BOOKMARK [0][-]{chapter.27}{Theory\040of\040Operation}{}% 528
\BOOKMARK [1][-]{section.27.1}{Autocompletion}{chapter.27}% 529
\BOOKMARK [2][-]{subsection.27.1.1}{UI\040notes}{section.27.1}% 530
\BOOKMARK [2][-]{subsection.27.1.2}{Appearance}{section.27.1}% 531
\BOOKMARK [2][-]{subsection.27.1.3}{Performance}{section.27.1}% 532
\BOOKMARK [1][-]{section.27.2}{Clones}{chapter.27}% 533
\BOOKMARK [1][-]{section.27.3}{Drawing\040and\040events}{chapter.27}% 534
\BOOKMARK [1][-]{section.27.4}{Find\040and\040change\040commands}{chapter.27}% 535
\BOOKMARK [1][-]{section.27.5}{Key\040handling}{chapter.27}% 536
\BOOKMARK [2][-]{subsection.27.5.1}{Key\040domains}{section.27.5}% 537
\BOOKMARK [3][-]{subsubsection*.114}{Domain\0401:\040Parsing\040user\040bindings\040in\040@keys,\040@mode\040and\040@shortcut\040nodes}{subsection.27.5.1}% 538
\BOOKMARK [3][-]{subsubsection*.115}{Domain\0402:\040Maintaining\040and\040using\040binding\040tables}{subsection.27.5.1}% 539
\BOOKMARK [3][-]{subsubsection*.116}{Domain\0403:\040Translating\040incoming\040key\040events\040into\040standard\040events}{subsection.27.5.1}% 540
\BOOKMARK [3][-]{subsubsection*.117}{Domain\0404:\040Printing\040key\040bindings\040in\040a\040human-readable\040format}{subsection.27.5.1}% 541
\BOOKMARK [2][-]{subsection.27.5.2}{Key\040bindings}{section.27.5}% 542
\BOOKMARK [2][-]{subsection.27.5.3}{Handling\040key\040events}{section.27.5}% 543
\BOOKMARK [3][-]{subsubsection*.118}{All\040events\040are\040key\040events}{subsection.27.5.3}% 544
\BOOKMARK [3][-]{subsubsection*.119}{c.check_event}{subsection.27.5.3}% 545
\BOOKMARK [2][-]{subsection.27.5.4}{About\040the\040KeyStroke\040class}{section.27.5}% 546
\BOOKMARK [2][-]{subsection.27.5.5}{Simplifying\040the\040Qt\040input\040code}{section.27.5}% 547
\BOOKMARK [2][-]{subsection.27.5.6}{Typed\040dicts}{section.27.5}% 548
\BOOKMARK [1][-]{section.27.6}{Nodes}{chapter.27}% 549
\BOOKMARK [1][-]{section.27.7}{Overview}{chapter.27}% 550
\BOOKMARK [1][-]{section.27.8}{Unicode}{chapter.27}% 551
\BOOKMARK [1][-]{section.27.9}{Unlimited\040undo}{chapter.27}% 552
\BOOKMARK [1][-]{section.27.10}{Leo's\040load\040process}{chapter.27}% 553
\BOOKMARK [0][-]{chapter.28}{White\040Papers}{}% 554
\BOOKMARK [1][-]{section.28.1}{Why\040I\040like\040Python}{chapter.28}% 555
\BOOKMARK [2][-]{subsection.28.1.1}{Clarity}{section.28.1}% 556
\BOOKMARK [2][-]{subsection.28.1.2}{Power}{section.28.1}% 557
\BOOKMARK [2][-]{subsection.28.1.3}{Safety}{section.28.1}% 558
\BOOKMARK [2][-]{subsection.28.1.4}{Speed}{section.28.1}% 559
\BOOKMARK [2][-]{subsection.28.1.5}{Conclusions}{section.28.1}% 560
\BOOKMARK [0][-]{chapter.29}{Appendices}{}% 561
\BOOKMARK [1][-]{section.29.1}{Format\040of\040.leo\040files}{chapter.29}% 562
\BOOKMARK [1][-]{section.29.2}{Format\040of\040external\040files}{chapter.29}% 563
\BOOKMARK [1][-]{section.29.3}{Unicode\040reference}{chapter.29}% 564
\BOOKMARK [0][-]{chapter.30}{Glossary}{}% 565
\BOOKMARK [0][-]{chapter.31}{What's\040New\040in\040Leo}{}% 566
\BOOKMARK [1][-]{section.31.1}{Leo\0404.10}{chapter.31}% 567
\BOOKMARK [2][-]{subsection.31.1.1}{New\040features\040&\040commands}{section.31.1}% 568
\BOOKMARK [3][-]{subsubsection*.120}{Weightless\040unit\040testing}{subsection.31.1.1}% 569
\BOOKMARK [2][-]{subsection.31.1.2}{Plugins}{section.31.1}% 570
\BOOKMARK [2][-]{subsection.31.1.3}{Scripts}{section.31.1}% 571
\BOOKMARK [2][-]{subsection.31.1.4}{Settings}{section.31.1}% 572
\BOOKMARK [2][-]{subsection.31.1.5}{Bugs\040fixed}{section.31.1}% 573
\BOOKMARK [1][-]{section.31.2}{Previous\040versions}{chapter.31}% 574
\BOOKMARK [2][-]{subsection.31.2.1}{Leo\0404.9}{section.31.2}% 575
\BOOKMARK [3][-]{subsubsection*.121}{Bugs\040fixed}{subsection.31.2.1}% 576
\BOOKMARK [3][-]{subsubsection*.122}{Deprecated/removed\040features}{subsection.31.2.1}% 577
\BOOKMARK [3][-]{subsubsection*.123}{Major\040improvements}{subsection.31.2.1}% 578
\BOOKMARK [3][-]{subsubsection*.136}{New\040and\040improved\040features}{subsection.31.2.1}% 579
\BOOKMARK [3][-]{subsubsection*.144}{New\040in\0404.9\040b2}{subsection.31.2.1}% 580
\BOOKMARK [3][-]{subsubsection*.145}{New\040in\0404.9\040b3}{subsection.31.2.1}% 581
\BOOKMARK [3][-]{subsubsection*.148}{New\040in\0404.9\040b4}{subsection.31.2.1}% 582
\BOOKMARK [3][-]{subsubsection*.149}{New\040in\0404.9\040rc1}{subsection.31.2.1}% 583
\BOOKMARK [2][-]{subsection.31.2.2}{Leo\0404.8}{section.31.2}% 584
\BOOKMARK [3][-]{subsubsection*.150}{New\040sentinels}{subsection.31.2.2}% 585
\BOOKMARK [3][-]{subsubsection*.151}{Drag\040and\040drop\040files\040into\040Leo}{subsection.31.2.2}% 586
\BOOKMARK [3][-]{subsubsection*.152}{Scripting\040improvements}{subsection.31.2.2}% 587
\BOOKMARK [3][-]{subsubsection*.153}{Improved\040@url\040nodes}{subsection.31.2.2}% 588
\BOOKMARK [3][-]{subsubsection*.154}{New\040&\040improved\040commands}{subsection.31.2.2}% 589
\BOOKMARK [3][-]{subsubsection*.156}{New\040plugins}{subsection.31.2.2}% 590
\BOOKMARK [3][-]{subsubsection*.157}{New\040settings\040&\040command-line\040args}{subsection.31.2.2}% 591
\BOOKMARK [3][-]{subsubsection*.158}{Other\040improvements}{subsection.31.2.2}% 592
\BOOKMARK [2][-]{subsection.31.2.3}{Leo\0404.7}{section.31.2}% 593
\BOOKMARK [3][-]{subsubsection*.159}{The\040one-node\040world}{subsection.31.2.3}% 594
\BOOKMARK [3][-]{subsubsection*.160}{Leo\040supports\040Python\0403.x}{subsection.31.2.3}% 595
\BOOKMARK [3][-]{subsubsection*.161}{Improved\040file\040handling}{subsection.31.2.3}% 596
\BOOKMARK [3][-]{subsubsection*.162}{New\040command-line\040options}{subsection.31.2.3}% 597
\BOOKMARK [3][-]{subsubsection*.163}{New\040commands}{subsection.31.2.3}% 598
\BOOKMARK [3][-]{subsubsection*.164}{New\040settings}{subsection.31.2.3}% 599
\BOOKMARK [3][-]{subsubsection*.165}{Improved\040plugins}{subsection.31.2.3}% 600
\BOOKMARK [2][-]{subsection.31.2.4}{Leo\0404.6}{section.31.2}% 601
\BOOKMARK [3][-]{subsubsection*.166}{Improved\040unit\040testing}{subsection.31.2.4}% 602
\BOOKMARK [3][-]{subsubsection*.167}{Improved\040file\040handling}{subsection.31.2.4}% 603
\BOOKMARK [3][-]{subsubsection*.168}{Improved\040handling\040of\040rST\040files}{subsection.31.2.4}% 604
\BOOKMARK [3][-]{subsubsection*.169}{New\040code\040features}{subsection.31.2.4}% 605
\BOOKMARK [3][-]{subsubsection*.170}{New\040command-line\040options}{subsection.31.2.4}% 606
\BOOKMARK [3][-]{subsubsection*.171}{New\040commands}{subsection.31.2.4}% 607
\BOOKMARK [3][-]{subsubsection*.172}{New\040and\040improved\040directives}{subsection.31.2.4}% 608
\BOOKMARK [3][-]{subsubsection*.173}{New\040settings}{subsection.31.2.4}% 609
\BOOKMARK [3][-]{subsubsection*.174}{Plugins}{subsection.31.2.4}% 610
\BOOKMARK [2][-]{subsection.31.2.5}{Leo\0404.5}{section.31.2}% 611
\BOOKMARK [3][-]{subsubsection*.175}{Major\040new\040features}{subsection.31.2.5}% 612
\BOOKMARK [3][-]{subsubsection*.176}{Major\040code\040reorganizations}{subsection.31.2.5}% 613
\BOOKMARK [3][-]{subsubsection*.177}{Minor\040new\040features}{subsection.31.2.5}% 614
\BOOKMARK [3][-]{subsubsection*.178}{New\040settings}{subsection.31.2.5}% 615
\BOOKMARK [2][-]{subsection.31.2.6}{Leo\0404.4.8}{section.31.2}% 616
\BOOKMARK [3][-]{subsubsection*.179}{New\040features}{subsection.31.2.6}% 617
\BOOKMARK [3][-]{subsubsection*.180}{New\040and\040improved\040plugins}{subsection.31.2.6}% 618
\BOOKMARK [3][-]{subsubsection*.181}{New\040settings}{subsection.31.2.6}% 619
\BOOKMARK [2][-]{subsection.31.2.7}{Leo\0404.4.6}{section.31.2}% 620
\BOOKMARK [3][-]{subsubsection*.182}{New\040commands}{subsection.31.2.7}% 621
\BOOKMARK [3][-]{subsubsection*.183}{New\040features}{subsection.31.2.7}% 622
\BOOKMARK [3][-]{subsubsection*.184}{New\040settings}{subsection.31.2.7}% 623
\BOOKMARK [2][-]{subsection.31.2.8}{Leo\0404.4.5}{section.31.2}% 624
\BOOKMARK [3][-]{subsubsection*.185}{Bug\040fixed}{subsection.31.2.8}% 625
\BOOKMARK [3][-]{subsubsection*.186}{New\040features}{subsection.31.2.8}% 626
\BOOKMARK [3][-]{subsubsection*.187}{New\040commands}{subsection.31.2.8}% 627
\BOOKMARK [3][-]{subsubsection*.188}{New\040settings}{subsection.31.2.8}% 628
\BOOKMARK [2][-]{subsection.31.2.9}{Leo\0404.4.4}{section.31.2}% 629
\BOOKMARK [3][-]{subsubsection*.189}{The\040Great\040Graph\040Aha}{subsection.31.2.9}% 630
\BOOKMARK [3][-]{subsubsection*.190}{Added\040support\040for\040@auto\040files}{subsection.31.2.9}% 631
\BOOKMARK [3][-]{subsubsection*.195}{New\040commands\040for\040resolving\040cvs\040conflicts}{subsection.31.2.9}% 632
\BOOKMARK [3][-]{subsubsection*.196}{New\040kinds\040of\040settings\040trees}{subsection.31.2.9}% 633
\BOOKMARK [3][-]{subsubsection*.199}{New\040plugins}{subsection.31.2.9}% 634
\BOOKMARK [3][-]{subsubsection*.200}{Leo's\040core\040is\040now\040compatible\040with\040jython}{subsection.31.2.9}% 635
\BOOKMARK [3][-]{subsubsection*.201}{Improved\040prototype\040for\040icons\040in\040headlines}{subsection.31.2.9}% 636
\BOOKMARK [3][-]{subsubsection*.202}{Minor\040improvements}{subsection.31.2.9}% 637
\BOOKMARK [3][-]{subsubsection*.203}{Summary\040of\040new\040commands}{subsection.31.2.9}% 638
\BOOKMARK [2][-]{subsection.31.2.10}{Leo\0404.4.3}{section.31.2}% 639
\BOOKMARK [2][-]{subsection.31.2.11}{Leo\0404.4.2}{section.31.2}% 640
\BOOKMARK [3][-]{subsubsection*.204}{A\040major\040code\040reorg}{subsection.31.2.11}% 641
\BOOKMARK [3][-]{subsubsection*.205}{New\040commands}{subsection.31.2.11}% 642
\BOOKMARK [3][-]{subsubsection*.206}{New\040features}{subsection.31.2.11}% 643
\BOOKMARK [3][-]{subsubsection*.207}{New\040and\040improved\040plugins}{subsection.31.2.11}% 644
\BOOKMARK [3][-]{subsubsection*.208}{Settings}{subsection.31.2.11}% 645
\BOOKMARK [3][-]{subsubsection*.209}{ZODB\040scripting}{subsection.31.2.11}% 646
\BOOKMARK [2][-]{subsection.31.2.12}{Leo\0404.4.1}{section.31.2}% 647
\BOOKMARK [3][-]{subsubsection*.210}{New\040commands}{subsection.31.2.12}% 648
\BOOKMARK [3][-]{subsubsection*.211}{New\040features}{subsection.31.2.12}% 649
\BOOKMARK [3][-]{subsubsection*.212}{New\040and\040improved\040plugins}{subsection.31.2.12}% 650
\BOOKMARK [3][-]{subsubsection*.213}{New\040settings}{subsection.31.2.12}% 651
\BOOKMARK [3][-]{subsubsection*.214}{Improved\040settings}{subsection.31.2.12}% 652
\BOOKMARK [3][-]{subsubsection*.215}{Minor\040improvements}{subsection.31.2.12}% 653
\BOOKMARK [2][-]{subsection.31.2.13}{Leo\0404.4}{section.31.2}% 654
\BOOKMARK [3][-]{subsubsection*.216}{New\040commands}{subsection.31.2.13}% 655
\BOOKMARK [3][-]{subsubsection*.217}{New\040features}{subsection.31.2.13}% 656
\BOOKMARK [3][-]{subsubsection*.218}{New\040and\040improved\040plugins}{subsection.31.2.13}% 657
\BOOKMARK [3][-]{subsubsection*.219}{New\040and\040improved\040settings}{subsection.31.2.13}% 658
